<?xml version="1.0" encoding="UTF-8"?>
<testsuite name="com.example.demo.DemoApplicationTests" tests="1" skipped="0" failures="0" errors="0" timestamp="2023-05-11T06:49:08" hostname="Tys-MacBook-Air.local" time="0.066">
  <properties/>
  <testcase name="contextLoads()" classname="com.example.demo.DemoApplicationTests" time="0.066"/>
  <system-out><![CDATA[13:49:06.329 [Test worker] DEBUG org.springframework.boot.test.context.SpringBootTestContextBootstrapper -- Neither @ContextConfiguration nor @ContextHierarchy found for test class [DemoApplicationTests]: using SpringBootContextLoader
13:49:06.331 [Test worker] DEBUG org.springframework.test.context.support.AbstractContextLoader -- Could not detect default resource locations for test class [com.example.demo.DemoApplicationTests]: no resource found for suffixes {-context.xml, Context.groovy}.
13:49:06.331 [Test worker] INFO org.springframework.test.context.support.AnnotationConfigContextLoaderUtils -- Could not detect default configuration classes for test class [com.example.demo.DemoApplicationTests]: DemoApplicationTests does not declare any static, non-private, non-final, nested classes annotated with @Configuration.
13:49:06.340 [Test worker] DEBUG org.springframework.boot.test.context.SpringBootTestContextBootstrapper -- Using ContextCustomizers for test class [DemoApplicationTests]: [DisableObservabilityContextCustomizer, PropertyMappingContextCustomizer, Customizer, ExcludeFilterContextCustomizer, DuplicateJsonObjectContextCustomizer, MockitoContextCustomizer, TestRestTemplateContextCustomizer]
13:49:06.368 [Test worker] DEBUG org.springframework.context.annotation.ClassPathScanningCandidateComponentProvider -- Identified candidate component class: file [/Users/tysophearum/Desktop/S.E-Midterm-Project-Group-15/build/classes/java/main/com/example/demo/DemoApplication.class]
13:49:06.369 [Test worker] INFO org.springframework.boot.test.context.SpringBootTestContextBootstrapper -- Found @SpringBootConfiguration com.example.demo.DemoApplication for test class com.example.demo.DemoApplicationTests
13:49:06.402 [Test worker] DEBUG org.springframework.boot.test.context.SpringBootTestContextBootstrapper -- Using TestExecutionListeners for test class [DemoApplicationTests]: [ServletTestExecutionListener, DirtiesContextBeforeModesTestExecutionListener, ApplicationEventsTestExecutionListener, MockitoTestExecutionListener, DependencyInjectionTestExecutionListener, DirtiesContextTestExecutionListener, TransactionalTestExecutionListener, SqlScriptsTestExecutionListener, EventPublishingTestExecutionListener, RestDocsTestExecutionListener, MockRestServiceServerResetTestExecutionListener, MockMvcPrintOnlyOnFailureTestExecutionListener, WebDriverTestExecutionListener, MockWebServiceServerTestExecutionListener, ResetMocksTestExecutionListener]
13:49:06.402 [Test worker] DEBUG org.springframework.test.context.support.AbstractDirtiesContextTestExecutionListener -- Before test class: class [DemoApplicationTests], class annotated with @DirtiesContext [false] with mode [null]

  .   ____          _            __ _ _
 /\\ / ___'_ __ _ _(_)_ __  __ _ \ \ \ \
( ( )\___ | '_ | '_| | '_ \/ _` | \ \ \ \
 \\/  ___)| |_)| | | | | || (_| |  ) ) ) )
  '  |____| .__|_| |_|_| |_\__, | / / / /
 =========|_|==============|___/=/_/_/_/
 :: Spring Boot ::                (v3.0.6)

2023-05-11T13:49:06.497+07:00  INFO 55736 --- [    Test worker] com.example.demo.DemoApplicationTests    : Starting DemoApplicationTests using Java 19.0.2 with PID 55736 (started by tysophearum in /Users/tysophearum/Desktop/S.E-Midterm-Project-Group-15)
2023-05-11T13:49:06.498+07:00  INFO 55736 --- [    Test worker] com.example.demo.DemoApplicationTests    : No active profile set, falling back to 1 default profile: "default"
2023-05-11T13:49:06.817+07:00  INFO 55736 --- [    Test worker] .s.d.r.c.RepositoryConfigurationDelegate : Bootstrapping Spring Data JPA repositories in DEFAULT mode.
2023-05-11T13:49:06.845+07:00  INFO 55736 --- [    Test worker] .s.d.r.c.RepositoryConfigurationDelegate : Finished Spring Data repository scanning in 26 ms. Found 9 JPA repository interfaces.
2023-05-11T13:49:07.019+07:00  INFO 55736 --- [    Test worker] o.hibernate.jpa.internal.util.LogHelper  : HHH000204: Processing PersistenceUnitInfo [name: default]
2023-05-11T13:49:07.035+07:00  INFO 55736 --- [    Test worker] org.hibernate.Version                    : HHH000412: Hibernate ORM core version 6.1.7.Final
2023-05-11T13:49:07.132+07:00  INFO 55736 --- [    Test worker] com.zaxxer.hikari.HikariDataSource       : HikariPool-1 - Starting...
2023-05-11T13:49:07.207+07:00  INFO 55736 --- [    Test worker] com.zaxxer.hikari.pool.HikariPool        : HikariPool-1 - Added connection com.mysql.cj.jdbc.ConnectionImpl@1aac0a47
2023-05-11T13:49:07.208+07:00  INFO 55736 --- [    Test worker] com.zaxxer.hikari.HikariDataSource       : HikariPool-1 - Start completed.
2023-05-11T13:49:07.225+07:00  WARN 55736 --- [    Test worker] org.hibernate.dialect.Dialect            : HHH000511: The 5.5.0 version for [org.hibernate.dialect.MySQLDialect] is no longer supported, hence certain features may not work properly. The minimum supported version is 5.7.0. Check the community dialects project for available legacy versions.
2023-05-11T13:49:07.227+07:00  INFO 55736 --- [    Test worker] SQL dialect                              : HHH000400: Using dialect: org.hibernate.dialect.MySQLDialect
Hibernate: create table addons (id integer not null auto_increment, name varchar(255), value integer, primary key (id)) engine=InnoDB
Hibernate: create table current_product_order (id integer not null auto_increment, addon_ids varchar(255), amount integer, product_id integer, size_id integer, primary key (id)) engine=InnoDB
Hibernate: create table invoice (id integer not null auto_increment, created_at datetime, drink_order_ids varchar(255), note varchar(255), number integer, price float(23), table_id integer, primary key (id)) engine=InnoDB
Hibernate: create table product (id integer not null auto_increment, category_id integer, code varchar(255), image text not null, name varchar(255), note varchar(255), price float(23), primary key (id)) engine=InnoDB
Hibernate: create table product_category (id integer not null auto_increment, code varchar(255), name varchar(255), type varchar(255), primary key (id)) engine=InnoDB
Hibernate: create table product_order (id integer not null auto_increment, addon_ids varchar(255), amount integer, product_id integer, size_id integer, primary key (id)) engine=InnoDB
Hibernate: create table product_size (id integer not null auto_increment, name varchar(255), price float(23), primary key (id)) engine=InnoDB
Hibernate: create table receipt (id integer not null auto_increment, cash_change float(23), cash_received float(23), created_at datetime, invoice_id integer, primary key (id)) engine=InnoDB
Hibernate: create table table_seat (id integer not null auto_increment, availability integer, number integer, primary key (id)) engine=InnoDB
Hibernate: create table user (id integer not null auto_increment, date_of_birth datetime, first_name varchar(255), image text not null, last_name varchar(255), password varchar(255), sex varchar(255), username varchar(255), primary key (id)) engine=InnoDB
2023-05-11T13:49:07.650+07:00  INFO 55736 --- [    Test worker] o.h.e.t.j.p.i.JtaPlatformInitiator       : HHH000490: Using JtaPlatform implementation: [org.hibernate.engine.transaction.jta.platform.internal.NoJtaPlatform]
2023-05-11T13:49:07.654+07:00  INFO 55736 --- [    Test worker] j.LocalContainerEntityManagerFactoryBean : Initialized JPA EntityManagerFactory for persistence unit 'default'
2023-05-11T13:49:07.920+07:00  WARN 55736 --- [    Test worker] JpaBaseConfiguration$JpaWebConfiguration : spring.jpa.open-in-view is enabled by default. Therefore, database queries may be performed during view rendering. Explicitly configure spring.jpa.open-in-view to disable this warning
2023-05-11T13:49:08.125+07:00  INFO 55736 --- [    Test worker] o.s.b.a.e.web.EndpointLinksResolver      : Exposing 1 endpoint(s) beneath base path '/actuator'
2023-05-11T13:49:08.158+07:00  INFO 55736 --- [    Test worker] com.example.demo.DemoApplicationTests    : Started DemoApplicationTests in 1.743 seconds (process running for 2.195)
Hibernate: select count(*) from product_size p1_0
Hibernate: insert into product_size (name, price) values (?, ?)
Hibernate: insert into product_size (name, price) values (?, ?)
Hibernate: insert into product_size (name, price) values (?, ?)
Hibernate: select count(*) from addons a1_0
Hibernate: insert into addons (name, value) values (?, ?)
Hibernate: insert into addons (name, value) values (?, ?)
Hibernate: insert into addons (name, value) values (?, ?)
Hibernate: insert into addons (name, value) values (?, ?)
Hibernate: insert into addons (name, value) values (?, ?)
]]></system-out>
  <system-err><![CDATA[]]></system-err>
</testsuite>
